#
# There is insufficient memory for the Java Runtime Environment to continue.
# Native memory allocation (mmap) failed to map 266338304 bytes for Failed to commit area from 0x0000000702800000 to 0x0000000712600000 of length 266338304.
# Possible reasons:
#   The system is out of physical RAM or swap space
#   The process is running with CompressedOops enabled, and the Java Heap may be blocking the growth of the native heap
# Possible solutions:
#   Reduce memory load on the system
#   Increase physical memory or swap space
#   Check if swap backing store is full
#   Decrease Java heap size (-Xmx/-Xms)
#   Decrease number of Java threads
#   Decrease Java thread stack sizes (-Xss)
#   Set larger code cache with -XX:ReservedCodeCacheSize=
# This output file may be truncated or incomplete.
#
#  Out of Memory Error (./src/hotspot/os/windows/os_windows.cpp:3386), pid=25028, tid=39724
#
# JRE version:  (11.0.16.1+1) (build )
# Java VM: OpenJDK 64-Bit Server VM (11.0.16.1+1-LTS, mixed mode, sharing, tiered, compressed oops, g1 gc, windows-amd64)
# No core dump will be written. Minidumps are not enabled by default on client versions of Windows
#

---------------  S U M M A R Y ------------

Command Line: 

Host: Intel(R) Core(TM) i5-10210U CPU @ 1.60GHz, 8 cores, 15G,  Windows 10 , 64 bit Build 19041 (10.0.19041.3155)
Time: Mon Jul  1 08:27:29 2024 SE Asia Standard Time elapsed time: 0.042389 seconds (0d 0h 0m 0s)

---------------  T H R E A D  ---------------

Current thread (0x000001c113674800):  JavaThread "Unknown thread" [_thread_in_vm, id=39724, stack(0x000000092ed00000,0x000000092ee00000)]

Stack: [0x000000092ed00000,0x000000092ee00000]
Native frames: (J=compiled Java code, j=interpreted, Vv=VM code, C=native code)
V  [jvm.dll+0x62652a]
V  [jvm.dll+0x7b3249]
V  [jvm.dll+0x7b4938]
V  [jvm.dll+0x7b5013]
V  [jvm.dll+0x24fca8]
V  [jvm.dll+0x62383a]
V  [jvm.dll+0x617fe5]
V  [jvm.dll+0x307bac]
V  [jvm.dll+0x307a32]
V  [jvm.dll+0x30c746]
V  [jvm.dll+0x352b9f]
V  [jvm.dll+0x3525d0]
V  [jvm.dll+0x2e4ba8]
V  [jvm.dll+0x2e5d06]
V  [jvm.dll+0x78d097]
V  [jvm.dll+0x78e81f]
V  [jvm.dll+0x35f8e9]
V  [jvm.dll+0x770000]
V  [jvm.dll+0x3cd40f]
V  [jvm.dll+0x3cf7a1]
C  [jli.dll+0x5207]
C  [ucrtbase.dll+0x21bb2]
C  [KERNEL32.DLL+0x17614]
C  [ntdll.dll+0x526b1]


---------------  P R O C E S S  ---------------

Threads class SMR info:
_java_thread_list=0x000001c111ba3c50, length=0, elements={
}

Java Threads: ( => current thread )

Other Threads:
  0x000001c11368b800 GCTaskThread "GC Thread#0" [stack: 0x000000092ee00000,0x000000092ef00000] [id=36344]
  0x000001c1136ec000 ConcurrentGCThread "G1 Main Marker" [stack: 0x000000092ef00000,0x000000092f000000] [id=14304]
  0x000001c1136ee800 ConcurrentGCThread "G1 Conc#0" [stack: 0x000000092f000000,0x000000092f100000] [id=16400]

[error occurred during error reporting (printing all threads), id 0xc0000005, EXCEPTION_ACCESS_VIOLATION (0xc0000005) at pc=0x00007ffcc8cc4377]

VM state:not at safepoint (not fully initialized)

VM Mutex/Monitor currently owned by a thread:  ([mutex/lock_event])
[0x000001c111c7a210] Heap_lock - owner thread: 0x000001c113674800

Heap address: 0x0000000702800000, size: 4056 MB, Compressed Oops mode: Non-zero based: 0x0000000702800000
Narrow klass base: 0x0000000000000000, Narrow klass shift: 0

GC Heap History (0 events):
No events

Deoptimization events (0 events):
No events

Classes redefined (0 events):
No events

Internal exceptions (0 events):
No events

Events (1 events):
Event: 0.030 Loaded shared library C:\Program Files\Microsoft\jdk-11.0.16.101-hotspot\bin\zip.dll


Dynamic libraries:
0x00007ff7de910000 - 0x00007ff7de91d000 	C:\Program Files\Microsoft\jdk-11.0.16.101-hotspot\bin\java.exe
0x00007ffdd07d0000 - 0x00007ffdd09c8000 	C:\WINDOWS\SYSTEM32\ntdll.dll
0x00007ffdcfca0000 - 0x00007ffdcfd5f000 	C:\WINDOWS\System32\KERNEL32.DLL
0x00007ffdce280000 - 0x00007ffdce576000 	C:\WINDOWS\System32\KERNELBASE.dll
0x00007ffdce580000 - 0x00007ffdce680000 	C:\WINDOWS\System32\ucrtbase.dll
0x00007ffdb3370000 - 0x00007ffdb3387000 	C:\Program Files\Microsoft\jdk-11.0.16.101-hotspot\bin\jli.dll
0x00007ffdabc30000 - 0x00007ffdabc45000 	C:\Program Files\Microsoft\jdk-11.0.16.101-hotspot\bin\VCRUNTIME140.dll
0x00007ffdcf150000 - 0x00007ffdcf2ed000 	C:\WINDOWS\System32\USER32.dll
0x00007ffdac2e0000 - 0x00007ffdac57a000 	C:\WINDOWS\WinSxS\amd64_microsoft.windows.common-controls_6595b64144ccf1df_6.0.19041.1110_none_60b5254171f9507e\COMCTL32.dll
0x00007ffdcdeb0000 - 0x00007ffdcded2000 	C:\WINDOWS\System32\win32u.dll
0x00007ffdceaf0000 - 0x00007ffdceb8e000 	C:\WINDOWS\System32\msvcrt.dll
0x00007ffdcf520000 - 0x00007ffdcf54c000 	C:\WINDOWS\System32\GDI32.dll
0x00007ffdce030000 - 0x00007ffdce145000 	C:\WINDOWS\System32\gdi32full.dll
0x00007ffdce150000 - 0x00007ffdce1ed000 	C:\WINDOWS\System32\msvcp_win.dll
0x00007ffdd0610000 - 0x00007ffdd0640000 	C:\WINDOWS\System32\IMM32.DLL
0x000001c111db0000 - 0x000001c111dc4000 	C:\WINDOWS\System32\umppc18408.dll
0x00007ffd956d0000 - 0x00007ffd9576b000 	C:\Program Files\Microsoft\jdk-11.0.16.101-hotspot\bin\msvcp140.dll
0x00007ffcc89d0000 - 0x00007ffcc955a000 	C:\Program Files\Microsoft\jdk-11.0.16.101-hotspot\bin\server\jvm.dll
0x00007ffdce8b0000 - 0x00007ffdce95f000 	C:\WINDOWS\System32\ADVAPI32.dll
0x00007ffdce9f0000 - 0x00007ffdcea8c000 	C:\WINDOWS\System32\sechost.dll
0x00007ffdcfd60000 - 0x00007ffdcfe86000 	C:\WINDOWS\System32\RPCRT4.dll
0x00007ffdcf510000 - 0x00007ffdcf518000 	C:\WINDOWS\System32\PSAPI.DLL
0x00007ffda3880000 - 0x00007ffda3889000 	C:\WINDOWS\SYSTEM32\WSOCK32.dll
0x00007ffdcf480000 - 0x00007ffdcf4eb000 	C:\WINDOWS\System32\WS2_32.dll
0x00007ffdaaef0000 - 0x00007ffdaaf17000 	C:\WINDOWS\SYSTEM32\WINMM.dll
0x00007ffdc5460000 - 0x00007ffdc546a000 	C:\WINDOWS\SYSTEM32\VERSION.dll
0x00007ffdcc520000 - 0x00007ffdcc532000 	C:\WINDOWS\SYSTEM32\kernel.appcore.dll
0x00007ffdb70a0000 - 0x00007ffdb70b0000 	C:\Program Files\Microsoft\jdk-11.0.16.101-hotspot\bin\verify.dll
0x00007ffdcb560000 - 0x00007ffdcb744000 	C:\WINDOWS\SYSTEM32\DBGHELP.DLL
0x00007ffda38a0000 - 0x00007ffda38d4000 	C:\WINDOWS\SYSTEM32\dbgcore.DLL
0x00007ffdce1f0000 - 0x00007ffdce272000 	C:\WINDOWS\System32\bcryptPrimitives.dll
0x00007ffda29b0000 - 0x00007ffda29d8000 	C:\Program Files\Microsoft\jdk-11.0.16.101-hotspot\bin\java.dll
0x00007ffdb6e90000 - 0x00007ffdb6e9a000 	C:\Program Files\Microsoft\jdk-11.0.16.101-hotspot\bin\jimage.dll
0x00007ffdab1c0000 - 0x00007ffdab1d8000 	C:\Program Files\Microsoft\jdk-11.0.16.101-hotspot\bin\zip.dll

dbghelp: loaded successfully - version: 4.0.5 - missing functions: none
symbol engine: initialized successfully - sym options: 0x614 - pdb path: .;C:\Program Files\Microsoft\jdk-11.0.16.101-hotspot\bin;C:\WINDOWS\SYSTEM32;C:\WINDOWS\WinSxS\amd64_microsoft.windows.common-controls_6595b64144ccf1df_6.0.19041.1110_none_60b5254171f9507e;C:\Program Files\Microsoft\jdk-11.0.16.101-hotspot\bin\server

VM Arguments:
java_command: <unknown>
java_class_path (initial): <not set>
Launcher Type: SUN_STANDARD

[Global flags]
     intx CICompilerCount                          = 4                                         {product} {ergonomic}
     uint ConcGCThreads                            = 2                                         {product} {ergonomic}
     uint G1ConcRefinementThreads                  = 8                                         {product} {ergonomic}
   size_t G1HeapRegionSize                         = 1048576                                   {product} {ergonomic}
    uintx GCDrainStackTargetSize                   = 64                                        {product} {ergonomic}
   size_t InitialHeapSize                          = 266338304                                 {product} {ergonomic}
   size_t MarkStackSize                            = 4194304                                   {product} {ergonomic}
   size_t MaxHeapSize                              = 4253024256                                {product} {ergonomic}
   size_t MinHeapDeltaBytes                        = 1048576                                   {product} {ergonomic}
    uintx NonNMethodCodeHeapSize                   = 5836300                                {pd product} {ergonomic}
    uintx NonProfiledCodeHeapSize                  = 122910970                              {pd product} {ergonomic}
    uintx ProfiledCodeHeapSize                     = 122910970                              {pd product} {ergonomic}
    uintx ReservedCodeCacheSize                    = 251658240                              {pd product} {ergonomic}
     bool SegmentedCodeCache                       = true                                      {product} {ergonomic}
     bool UseCompressedClassPointers               = true                                 {lp64_product} {ergonomic}
     bool UseCompressedOops                        = true                                 {lp64_product} {ergonomic}
     bool UseG1GC                                  = true                                      {product} {ergonomic}
     bool UseLargePagesIndividualAllocation        = false                                  {pd product} {ergonomic}

Logging:
Log output configuration:
 #0: stdout all=warning uptime,level,tags
 #1: stderr all=off uptime,level,tags

Environment Variables:
PATH=C:\Program Files\Microsoft\jdk-11.0.16.101-hotspot\bin;C:\app\Administrator\product\11.2.0\client_1\bin;C:\WINDOWS\system32;C:\WINDOWS;C:\WINDOWS\System32\Wbem;C:\WINDOWS\System32\WindowsPowerShell\v1.0\;C:\WINDOWS\System32\OpenSSH\;C:\Program Files\Microsoft SQL Server\150\Tools\Binn\;C:\Program Files\Microsoft SQL Server\Client SDK\ODBC\170\Tools\Binn\;C:\Program Files (x86)\Microsoft SQL Server\150\DTS\Binn\;C:\Program Files\Azure Data Studio\bin;C:\Program Files (x86)\Microsoft SQL Server\140\Tools\Binn\;C:\Program Files\Microsoft SQL Server\140\Tools\Binn\;C:\Program Files (x86)\Microsoft SQL Server\140\DTS\Binn\;C:\Program Files\Microsoft SQL Server\140\DTS\Binn\;C:\Program Files\Microsoft SQL Server\Client SDK\ODBC\130\Tools\Binn\;C:\Users\peerapong.k.ITNB17_41256\.dnx\bin;C:\Program Files\Microsoft DNX\Dnvm\;C:\Program Files\dotnet\;C:\Program Files\nodejs\;;C:\WINDOWS\system32;C:\WINDOWS;C:\WINDOWS\System32\Wbem;C:\WINDOWS\System32\WindowsPowerShell\v1.0\;C:\WINDOWS\System32\OpenSSH\;C:\Program Files\Microsoft Network Monitor 3\;C:\Users\peerapong.k.ITNB17_41256\AppData\Local\Programs\Python\Python311\Scripts\;C:\Users\peerapong.k.ITNB17_41256\AppData\Local\Programs\Python\Python311\;C:\Users\peerapong.k.ITNB17_41256\AppData\Local\Microsoft\WindowsApps;C:\Users\peerapong.k.ITNB17_41256\AppData\Local\Programs\Microsoft VS Code\bin;C:\Users\peerapong.k.ITNB17_41256\AppData\Roaming\npm;C:\ProgramData\peerapong.k\GitHubDesktop\bin;C:\Users\peerapong.k.ITNB17_41256\AppData\Local\Programs\Git\cmd;C:\Users\peerapong.k.ITNB17_41256\.dotnet\tools;C:\Users\peerapong.k.ITNB17_41256\AppData\Local\GitHubDesktop\bin;D:\lib\ffmpeg\bin;
USERNAME=peerapong.k
OS=Windows_NT
PROCESSOR_IDENTIFIER=Intel64 Family 6 Model 142 Stepping 12, GenuineIntel
TMP=C:\Users\PEERAP~1.ITN\AppData\Local\Temp
TEMP=C:\Users\PEERAP~1.ITN\AppData\Local\Temp



---------------  S Y S T E M  ---------------

OS: Windows 10 , 64 bit Build 19041 (10.0.19041.3155)
OS uptime: 11 days 21:01 hours

CPU:total 8 (initial active 8) (4 cores per cpu, 2 threads per core) family 6 model 142 stepping 12 microcode 0xf4, cmov, cx8, fxsr, mmx, sse, sse2, sse3, ssse3, sse4.1, sse4.2, popcnt, avx, avx2, aes, clmul, erms, 3dnowpref, lzcnt, ht, tsc, tscinvbit, bmi1, bmi2, adx, fma

Memory: 4k page, system-wide physical 16221M (456M free)
TotalPageFile size 41221M (AvailPageFile size 140M)
current process WorkingSet (physical memory assigned to process): 10M, peak: 10M
current process commit charge ("private bytes"): 60M, peak: 314M

vm_info: OpenJDK 64-Bit Server VM (11.0.16.1+1-LTS) for windows-amd64 JRE (11.0.16.1+1-LTS), built on Aug 20 2022 20:09:04 by "" with MS VC++ 15.9 (VS2017)

END.
